Using pre-set license
Built from '2020.3/release' branch; Version is '2020.3.12f1 (b3b2c6512326) revision 11776710'; Using compiler version '192528614'; Build Type 'Release'
OS: 'Windows 10 Pro; OS build 19042.1083; Version 2009; 64bit' Language: 'es' Physical Memory: 16333 MB
BatchMode: 1, IsHumanControllingUs: 0, StartBugReporterOnCrash: 0, Is64bit: 1, IsPro: 0

 COMMAND LINE ARGUMENTS:
C:\Program Files\Unity\Hub\Editor\2020.3.12f1\Editor\Unity.exe
-adb2
-batchMode
-noUpm
-name
AssetImportWorker0
-projectPath
C:/Users/hecti/Documents/UnityProjects/ArGps
-logFile
Logs/AssetImportWorker0.log
-srvPort
56123
Successfully changed project path to: C:/Users/hecti/Documents/UnityProjects/ArGps
C:/Users/hecti/Documents/UnityProjects/ArGps
Using Asset Import Pipeline V2.
Refreshing native plugins compatible for Editor in 30.80 ms, found 2 plugins.
Preloading 0 native plugins for Editor in 0.00 ms.
Initialize engine version: 2020.3.12f1 (b3b2c6512326)
[Subsystems] Discovering subsystems at path C:/Program Files/Unity/Hub/Editor/2020.3.12f1/Editor/Data/Resources/UnitySubsystems
[Subsystems] Discovering subsystems at path C:/Users/hecti/Documents/UnityProjects/ArGps/Assets
GfxDevice: creating device client; threaded=0
Direct3D:
    Version:  Direct3D 11.0 [level 11.1]
    Renderer: NVIDIA GeForce RTX 2060 (ID=0x1e89)
    Vendor:   
    VRAM:     5967 MB
    Driver:   27.21.14.6589
Initialize mono
Mono path[0] = 'C:/Program Files/Unity/Hub/Editor/2020.3.12f1/Editor/Data/Managed'
Mono path[1] = 'C:/Program Files/Unity/Hub/Editor/2020.3.12f1/Editor/Data/MonoBleedingEdge/lib/mono/unityjit'
Mono config path = 'C:/Program Files/Unity/Hub/Editor/2020.3.12f1/Editor/Data/MonoBleedingEdge/etc'
Using monoOptions --debugger-agent=transport=dt_socket,embedding=1,server=y,suspend=n,address=127.0.0.1:56064
Begin MonoManager ReloadAssembly
Registering precompiled unity dll's ...
Register platform support module: C:/Program Files/Unity/Hub/Editor/2020.3.12f1/Editor/Data/PlaybackEngines/WindowsStandaloneSupport/UnityEditor.WindowsStandalone.Extensions.dll
Registered in 0.001570 seconds.
Native extension for WindowsStandalone target not found
Refreshing native plugins compatible for Editor in 29.26 ms, found 2 plugins.
Preloading 0 native plugins for Editor in 0.00 ms.
Mono: successfully reloaded assembly
- Completed reload, in  1.443 seconds
Platform modules already initialized, skipping
Registering precompiled user dll's ...
Registered in 0.003172 seconds.
Begin MonoManager ReloadAssembly
Native extension for WindowsStandalone target not found
Refreshing native plugins compatible for Editor in 0.39 ms, found 2 plugins.
Preloading 0 native plugins for Editor in 0.00 ms.
[ARLocation]: Starting up!
UnityEngine.StackTraceUtility:ExtractStackTrace ()
UnityEngine.DebugLogHandler:LogFormat (UnityEngine.LogType,UnityEngine.Object,string,object[])
UnityEngine.Logger:Log (UnityEngine.LogType,object)
UnityEngine.Debug:Log (object)
ARLocationEditorConfigManager:.cctor () (at C:/eclipse/trabajos/Unity/ArGps/Assets/ARLocation/Editor/ARLocationEditorConfigManager.cs:13)
System.Runtime.CompilerServices.RuntimeHelpers:RunClassConstructor (System.RuntimeTypeHandle)
UnityEditor.EditorAssemblies:ProcessInitializeOnLoadAttributes (System.Type[])

(Filename: C:/eclipse/trabajos/Unity/ArGps/Assets/ARLocation/Editor/ARLocationEditorConfigManager.cs Line: 13)

[ARLocation]: Resource folder already exists!
UnityEngine.StackTraceUtility:ExtractStackTrace ()
UnityEngine.DebugLogHandler:LogFormat (UnityEngine.LogType,UnityEngine.Object,string,object[])
UnityEngine.Logger:Log (UnityEngine.LogType,object)
UnityEngine.Debug:Log (object)
ARLocationEditorConfigManager:.cctor () (at C:/eclipse/trabajos/Unity/ArGps/Assets/ARLocation/Editor/ARLocationEditorConfigManager.cs:17)
System.Runtime.CompilerServices.RuntimeHelpers:RunClassConstructor (System.RuntimeTypeHandle)
UnityEditor.EditorAssemblies:ProcessInitializeOnLoadAttributes (System.Type[])

(Filename: C:/eclipse/trabajos/Unity/ArGps/Assets/ARLocation/Editor/ARLocationEditorConfigManager.cs Line: 17)

[ARLocation]: Config already exists!
UnityEngine.StackTraceUtility:ExtractStackTrace ()
UnityEngine.DebugLogHandler:LogFormat (UnityEngine.LogType,UnityEngine.Object,string,object[])
UnityEngine.Logger:Log (UnityEngine.LogType,object)
UnityEngine.Debug:Log (object)
ARLocationEditorConfigManager:.cctor () (at C:/eclipse/trabajos/Unity/ArGps/Assets/ARLocation/Editor/ARLocationEditorConfigManager.cs:29)
System.Runtime.CompilerServices.RuntimeHelpers:RunClassConstructor (System.RuntimeTypeHandle)
UnityEditor.EditorAssemblies:ProcessInitializeOnLoadAttributes (System.Type[])

(Filename: C:/eclipse/trabajos/Unity/ArGps/Assets/ARLocation/Editor/ARLocationEditorConfigManager.cs Line: 29)

Mono: successfully reloaded assembly
- Completed reload, in  0.854 seconds
Platform modules already initialized, skipping
========================================================================
Worker process is ready to serve import requests
Launched and connected shader compiler UnityShaderCompiler.exe after 0.04 seconds
Refreshing native plugins compatible for Editor in 0.46 ms, found 2 plugins.
Preloading 0 native plugins for Editor in 0.00 ms.
Unloading 1809 Unused Serialized files (Serialized files now loaded: 0)
System memory in use before: 79.1 MB.
System memory in use after: 79.2 MB.

Unloading 22 unused Assets to reduce memory usage. Loaded Objects now: 2243.
Total: 1.741200 ms (FindLiveObjects: 0.163500 ms CreateObjectMapping: 0.040300 ms MarkObjects: 1.465800 ms  DeleteObjects: 0.070800 ms)

AssetImportParameters requested are different than current active one (requested -> active):
  custom:framework-win-MediaFoundation: 216162199b28c13a410421893ffa2e32 -> 
  custom:video-decoder-ogg-theora: a1e56fd34408186e4bbccfd4996cb3dc -> 
  custom:container-muxer-webm: aa71ff27fc2769a1b78a27578f13a17b -> 
  custom:container-demuxer-webm: 4f35f7cbe854078d1ac9338744f61a02 -> 
  custom:container-demuxer-ogg: 62fdf1f143b41e24485cea50d1cbac27 -> 
  custom:video-encoder-webm-vp8: eb34c28f22e8b96e1ab97ce403110664 -> 
  custom:video-decoder-webm-vp8: 9c59270c3fd7afecdb556c50c9e8de78 -> 
  custom:audio-decoder-ogg-vorbis: bf7c407c2cedff20999df2af8eb42d56 -> 
  custom:audio-encoder-webm-vorbis: bf7c407c2cedff20999df2af8eb42d56 -> 
========================================================================
Received Import Request.
  path: Assets/ARLocation/Samples/ARLocation Place Along Path.unity
  artifactKey: Guid(309466762fcf26b48baca5eb8055b7f0) Importer(815301076,1909f56bfc062723c751e8b465ee728b)
Start importing Assets/ARLocation/Samples/ARLocation Place Along Path.unity using Guid(309466762fcf26b48baca5eb8055b7f0) Importer(815301076,1909f56bfc062723c751e8b465ee728b)  -> (artifact id: '0e3d1b06cc37e3e35bed17f52d5f8cd2') in 0.015788 seconds 
  Import took 0.019303 seconds .

========================================================================
Received Prepare
Refreshing native plugins compatible for Editor in 2.67 ms, found 2 plugins.
Preloading 0 native plugins for Editor in 0.00 ms.
Unloading 14 Unused Serialized files (Serialized files now loaded: 0)
System memory in use before: 43.2 MB.
System memory in use after: 43.2 MB.

Unloading 13 unused Assets to reduce memory usage. Loaded Objects now: 2244.
Total: 2.012300 ms (FindLiveObjects: 0.172500 ms CreateObjectMapping: 0.040400 ms MarkObjects: 1.762400 ms  DeleteObjects: 0.036400 ms)

AssetImportParameters requested are different than current active one (requested -> active):
  custom:framework-win-MediaFoundation: 216162199b28c13a410421893ffa2e32 -> 
  custom:video-decoder-ogg-theora: a1e56fd34408186e4bbccfd4996cb3dc -> 
  custom:container-muxer-webm: aa71ff27fc2769a1b78a27578f13a17b -> 
  custom:container-demuxer-webm: 4f35f7cbe854078d1ac9338744f61a02 -> 
  custom:container-demuxer-ogg: 62fdf1f143b41e24485cea50d1cbac27 -> 
  custom:video-encoder-webm-vp8: eb34c28f22e8b96e1ab97ce403110664 -> 
  custom:video-decoder-webm-vp8: 9c59270c3fd7afecdb556c50c9e8de78 -> 
  custom:audio-decoder-ogg-vorbis: bf7c407c2cedff20999df2af8eb42d56 -> 
  custom:audio-encoder-webm-vorbis: bf7c407c2cedff20999df2af8eb42d56 -> 
========================================================================
Received Import Request.
  Time since last request: 692.528913 seconds.
  path: Assets/ARLocation/Samples/ARLocation Web Map Loader.unity
  artifactKey: Guid(6ba4e1ff819990d4a9fd03b1bdb63b58) Importer(815301076,1909f56bfc062723c751e8b465ee728b)
Start importing Assets/ARLocation/Samples/ARLocation Web Map Loader.unity using Guid(6ba4e1ff819990d4a9fd03b1bdb63b58) Importer(815301076,1909f56bfc062723c751e8b465ee728b)  -> (artifact id: '1c8f76b0959ebe1a4054dfd11cf2d66d') in 0.008114 seconds 
  Import took 0.016057 seconds .

========================================================================
Received Prepare
Refreshing native plugins compatible for Editor in 2.63 ms, found 2 plugins.
Preloading 0 native plugins for Editor in 0.00 ms.
Unloading 13 Unused Serialized files (Serialized files now loaded: 0)
System memory in use before: 43.1 MB.
System memory in use after: 43.2 MB.

Unloading 13 unused Assets to reduce memory usage. Loaded Objects now: 2244.
Total: 2.389500 ms (FindLiveObjects: 0.198600 ms CreateObjectMapping: 0.048300 ms MarkObjects: 2.100400 ms  DeleteObjects: 0.041000 ms)

AssetImportParameters requested are different than current active one (requested -> active):
  custom:framework-win-MediaFoundation: 216162199b28c13a410421893ffa2e32 -> 
  custom:video-decoder-ogg-theora: a1e56fd34408186e4bbccfd4996cb3dc -> 
  custom:container-muxer-webm: aa71ff27fc2769a1b78a27578f13a17b -> 
  custom:container-demuxer-webm: 4f35f7cbe854078d1ac9338744f61a02 -> 
  custom:container-demuxer-ogg: 62fdf1f143b41e24485cea50d1cbac27 -> 
  custom:video-encoder-webm-vp8: eb34c28f22e8b96e1ab97ce403110664 -> 
  custom:video-decoder-webm-vp8: 9c59270c3fd7afecdb556c50c9e8de78 -> 
  custom:audio-decoder-ogg-vorbis: bf7c407c2cedff20999df2af8eb42d56 -> 
  custom:audio-encoder-webm-vorbis: bf7c407c2cedff20999df2af8eb42d56 -> 
========================================================================
Received Import Request.
  Time since last request: 471.893908 seconds.
  path: Assets/ARLocation/Samples/ARLocation Basic.unity
  artifactKey: Guid(7dffd400607cdc24ea32e2d34f53fe95) Importer(815301076,1909f56bfc062723c751e8b465ee728b)
Start importing Assets/ARLocation/Samples/ARLocation Basic.unity using Guid(7dffd400607cdc24ea32e2d34f53fe95) Importer(815301076,1909f56bfc062723c751e8b465ee728b)  -> (artifact id: '7aa814935c5d34a2368efd8cfc32fbdc') in 0.006599 seconds 
  Import took 0.009859 seconds .

========================================================================
Received Prepare
Refreshing native plugins compatible for Editor in 2.99 ms, found 2 plugins.
Preloading 0 native plugins for Editor in 0.00 ms.
Unloading 13 Unused Serialized files (Serialized files now loaded: 0)
System memory in use before: 43.1 MB.
System memory in use after: 43.2 MB.

Unloading 13 unused Assets to reduce memory usage. Loaded Objects now: 2244.
Total: 1.947200 ms (FindLiveObjects: 0.164200 ms CreateObjectMapping: 0.040000 ms MarkObjects: 1.704400 ms  DeleteObjects: 0.037800 ms)

AssetImportParameters requested are different than current active one (requested -> active):
  custom:framework-win-MediaFoundation: 216162199b28c13a410421893ffa2e32 -> 
  custom:video-decoder-ogg-theora: a1e56fd34408186e4bbccfd4996cb3dc -> 
  custom:container-muxer-webm: aa71ff27fc2769a1b78a27578f13a17b -> 
  custom:container-demuxer-webm: 4f35f7cbe854078d1ac9338744f61a02 -> 
  custom:container-demuxer-ogg: 62fdf1f143b41e24485cea50d1cbac27 -> 
  custom:video-encoder-webm-vp8: eb34c28f22e8b96e1ab97ce403110664 -> 
  custom:video-decoder-webm-vp8: 9c59270c3fd7afecdb556c50c9e8de78 -> 
  custom:audio-decoder-ogg-vorbis: bf7c407c2cedff20999df2af8eb42d56 -> 
  custom:audio-encoder-webm-vorbis: bf7c407c2cedff20999df2af8eb42d56 -> 
========================================================================
Received Import Request.
  Time since last request: 173.918220 seconds.
  path: Assets/ARLocation/Samples
  artifactKey: Guid(fd9aa432cc7f99648b9cc9dc4962bc5c) Importer(815301076,1909f56bfc062723c751e8b465ee728b)
Start importing Assets/ARLocation/Samples using Guid(fd9aa432cc7f99648b9cc9dc4962bc5c) Importer(815301076,1909f56bfc062723c751e8b465ee728b)  -> (artifact id: '59b0fb05148b1108ad43b0e765a716b5') in 0.005947 seconds 
  Import took 0.008922 seconds .

========================================================================
Received Import Request.
  Time since last request: 37.934250 seconds.
  path: Assets/ARLocation/Samples/TestSceneObjects.unity
  artifactKey: Guid(6ec8d6605e0bc634bbff90d901b822d6) Importer(815301076,1909f56bfc062723c751e8b465ee728b)
Start importing Assets/ARLocation/Samples/TestSceneObjects.unity using Guid(6ec8d6605e0bc634bbff90d901b822d6) Importer(815301076,1909f56bfc062723c751e8b465ee728b)  -> (artifact id: '2ae1c61d53cf61c1ef8cfa8d090e710f') in 0.006710 seconds 
  Import took 0.010070 seconds .

========================================================================
Received Prepare
Refreshing native plugins compatible for Editor in 2.79 ms, found 2 plugins.
Preloading 0 native plugins for Editor in 0.00 ms.
Unloading 13 Unused Serialized files (Serialized files now loaded: 0)
System memory in use before: 43.1 MB.
System memory in use after: 43.2 MB.

Unloading 13 unused Assets to reduce memory usage. Loaded Objects now: 2244.
Total: 2.840500 ms (FindLiveObjects: 0.190000 ms CreateObjectMapping: 0.041000 ms MarkObjects: 2.543400 ms  DeleteObjects: 0.065000 ms)

AssetImportParameters requested are different than current active one (requested -> active):
  custom:framework-win-MediaFoundation: 216162199b28c13a410421893ffa2e32 -> 
  custom:video-decoder-ogg-theora: a1e56fd34408186e4bbccfd4996cb3dc -> 
  custom:container-muxer-webm: aa71ff27fc2769a1b78a27578f13a17b -> 
  custom:container-demuxer-webm: 4f35f7cbe854078d1ac9338744f61a02 -> 
  custom:container-demuxer-ogg: 62fdf1f143b41e24485cea50d1cbac27 -> 
  custom:video-encoder-webm-vp8: eb34c28f22e8b96e1ab97ce403110664 -> 
  custom:video-decoder-webm-vp8: 9c59270c3fd7afecdb556c50c9e8de78 -> 
  custom:audio-decoder-ogg-vorbis: bf7c407c2cedff20999df2af8eb42d56 -> 
  custom:audio-encoder-webm-vorbis: bf7c407c2cedff20999df2af8eb42d56 -> 
========================================================================
Received Import Request.
  Time since last request: 729.808594 seconds.
  path: Assets/ARLocation/Materials/Blue 1.mat
  artifactKey: Guid(b6cad94019a1f8443b22a9515f572e6f) Importer(815301076,1909f56bfc062723c751e8b465ee728b)
Start importing Assets/ARLocation/Materials/Blue 1.mat using Guid(b6cad94019a1f8443b22a9515f572e6f) Importer(815301076,1909f56bfc062723c751e8b465ee728b)  -> (artifact id: '5a13eafda7c96c93ebf865c2aad63a86') in 0.080470 seconds 
  Import took 0.083611 seconds .

========================================================================
Received Import Request.
  Time since last request: 0.000208 seconds.
  path: Assets/ARLocation/Materials/Green 1.mat
  artifactKey: Guid(22600824992edde46acf611f3af4458c) Importer(815301076,1909f56bfc062723c751e8b465ee728b)
Start importing Assets/ARLocation/Materials/Green 1.mat using Guid(22600824992edde46acf611f3af4458c) Importer(815301076,1909f56bfc062723c751e8b465ee728b)  -> (artifact id: '758420c432d66cc5bbb5de79b5553a1b') in 0.021155 seconds 
  Import took 0.024477 seconds .

========================================================================
Received Import Request.
  Time since last request: 44.048423 seconds.
  path: Assets/ARLocation/Sounds/jet.mp3
  artifactKey: Guid(cf3274e7c117e4a7eb484565b6c00ddd) Importer(815301076,1909f56bfc062723c751e8b465ee728b)
Start importing Assets/ARLocation/Sounds/jet.mp3 using Guid(cf3274e7c117e4a7eb484565b6c00ddd) Importer(815301076,1909f56bfc062723c751e8b465ee728b)  -> (artifact id: 'a78dd57ebf437bf695df08aa32552e28') in 0.086196 seconds 
  Import took 0.089185 seconds .

========================================================================
Received Import Request.
  Time since last request: 0.000182 seconds.
  path: Assets/ARLocation/Sounds/NewAudioMixer.mixer
  artifactKey: Guid(5a9f4ad72e8cf4a5e85d301034733f9f) Importer(815301076,1909f56bfc062723c751e8b465ee728b)
Start importing Assets/ARLocation/Sounds/NewAudioMixer.mixer using Guid(5a9f4ad72e8cf4a5e85d301034733f9f) Importer(815301076,1909f56bfc062723c751e8b465ee728b)  -> (artifact id: '5eceeead2a97a77715db3ba8f7dfbd9d') in 0.012368 seconds 
  Import took 0.014766 seconds .

========================================================================
Received Import Request.
  Time since last request: 0.002804 seconds.
  path: Assets/ARLocation/Sounds/NewAudioMixer.mixer
  artifactKey: Guid(5a9f4ad72e8cf4a5e85d301034733f9f) Importer(815301076,1909f56bfc062723c751e8b465ee728b)
Start importing Assets/ARLocation/Sounds/NewAudioMixer.mixer using Guid(5a9f4ad72e8cf4a5e85d301034733f9f) Importer(815301076,1909f56bfc062723c751e8b465ee728b)  -> (artifact id: '5eceeead2a97a77715db3ba8f7dfbd9d') in 0.002741 seconds 
  Import took 0.005272 seconds .

========================================================================
Received Import Request.
  Time since last request: 0.280122 seconds.
  path: Assets/ARLocation/Textures/Artboard 1@2x.png
  artifactKey: Guid(adaaaa6ae71adc941a15d94dd0d9b492) Importer(815301076,1909f56bfc062723c751e8b465ee728b)
Start importing Assets/ARLocation/Textures/Artboard 1@2x.png using Guid(adaaaa6ae71adc941a15d94dd0d9b492) Importer(815301076,1909f56bfc062723c751e8b465ee728b)  -> (artifact id: '2ac9f2bbfc7d735af9012b3094519b78') in 0.062681 seconds 
  Import took 0.065624 seconds .

========================================================================
Received Import Request.
  Time since last request: 0.000161 seconds.
  path: Assets/ARLocation/Textures/compass-rose.png
  artifactKey: Guid(a3d28379988b29b4885e0cf9fdec359e) Importer(815301076,1909f56bfc062723c751e8b465ee728b)
Start importing Assets/ARLocation/Textures/compass-rose.png using Guid(a3d28379988b29b4885e0cf9fdec359e) Importer(815301076,1909f56bfc062723c751e8b465ee728b)  -> (artifact id: 'e4a1255453fda9fdef57627af251bc31') in 0.021749 seconds 
  Import took 0.024500 seconds .

========================================================================
Received Import Request.
  Time since last request: 0.000141 seconds.
  path: Assets/ARLocation/Textures/Zombie.png
  artifactKey: Guid(6d859ee30a7158d4e9f001fffd5943fb) Importer(815301076,1909f56bfc062723c751e8b465ee728b)
Start importing Assets/ARLocation/Textures/Zombie.png using Guid(6d859ee30a7158d4e9f001fffd5943fb) Importer(815301076,1909f56bfc062723c751e8b465ee728b)  -> (artifact id: '93f37329576c73af27b950d66a9ffccd') in 0.014425 seconds 
  Import took 0.017326 seconds .

========================================================================
Received Import Request.
  Time since last request: 0.000164 seconds.
  path: Assets/ARLocation/Textures/Bottom Diff.png
  artifactKey: Guid(cb966b55e74236944b6c6cfe8e9d2ce5) Importer(815301076,1909f56bfc062723c751e8b465ee728b)
Start importing Assets/ARLocation/Textures/Bottom Diff.png using Guid(cb966b55e74236944b6c6cfe8e9d2ce5) Importer(815301076,1909f56bfc062723c751e8b465ee728b)  -> (artifact id: '71a8ed8d3c803b617b7417ab88213244') in 0.071660 seconds 
  Import took 0.074971 seconds .

========================================================================
Received Import Request.
  Time since last request: 183.967600 seconds.
  path: Assets/ARLocation/Scripts/Components/PlaceAtLocation.cs
  artifactKey: Guid(3ed08d66cc34e4c49bf4ebb7b1ac269a) Importer(815301076,1909f56bfc062723c751e8b465ee728b)
Start importing Assets/ARLocation/Scripts/Components/PlaceAtLocation.cs using Guid(3ed08d66cc34e4c49bf4ebb7b1ac269a) Importer(815301076,1909f56bfc062723c751e8b465ee728b)  -> (artifact id: '7614b9827d3b64c8346dd4f50a97fb8c') in 0.008534 seconds 
  Import took 0.011569 seconds .

========================================================================
Received Import Request.
  Time since last request: 1.335464 seconds.
  path: Assets/ARLocation/Scripts/Components/PlaceAtLocations.cs
  artifactKey: Guid(7c56c9eb6d14e4854b316f59e1296fb4) Importer(815301076,1909f56bfc062723c751e8b465ee728b)
Start importing Assets/ARLocation/Scripts/Components/PlaceAtLocations.cs using Guid(7c56c9eb6d14e4854b316f59e1296fb4) Importer(815301076,1909f56bfc062723c751e8b465ee728b)  -> (artifact id: '7b54283519d6327259cf89c2ffa02f63') in 0.006095 seconds 
  Import took 0.009262 seconds .

========================================================================
Received Import Request.
  Time since last request: 0.001036 seconds.
  path: Assets/ARLocation/Scripts/Components/PlaceAtLocations.cs
  artifactKey: Guid(7c56c9eb6d14e4854b316f59e1296fb4) Importer(815301076,1909f56bfc062723c751e8b465ee728b)
Start importing Assets/ARLocation/Scripts/Components/PlaceAtLocations.cs using Guid(7c56c9eb6d14e4854b316f59e1296fb4) Importer(815301076,1909f56bfc062723c751e8b465ee728b)  -> (artifact id: '7b54283519d6327259cf89c2ffa02f63') in 0.002566 seconds 
  Import took 0.005536 seconds .

========================================================================
Received Prepare
Refreshing native plugins compatible for Editor in 2.73 ms, found 2 plugins.
Preloading 0 native plugins for Editor in 0.00 ms.
Unloading 13 Unused Serialized files (Serialized files now loaded: 0)
System memory in use before: 46.8 MB.
System memory in use after: 46.9 MB.

Unloading 13 unused Assets to reduce memory usage. Loaded Objects now: 2291.
Total: 2.445900 ms (FindLiveObjects: 0.175600 ms CreateObjectMapping: 0.040000 ms MarkObjects: 2.183600 ms  DeleteObjects: 0.045800 ms)

AssetImportParameters requested are different than current active one (requested -> active):
  custom:framework-win-MediaFoundation: 216162199b28c13a410421893ffa2e32 -> 
  custom:video-decoder-ogg-theora: a1e56fd34408186e4bbccfd4996cb3dc -> 
  custom:container-muxer-webm: aa71ff27fc2769a1b78a27578f13a17b -> 
  custom:container-demuxer-webm: 4f35f7cbe854078d1ac9338744f61a02 -> 
  custom:container-demuxer-ogg: 62fdf1f143b41e24485cea50d1cbac27 -> 
  custom:video-encoder-webm-vp8: eb34c28f22e8b96e1ab97ce403110664 -> 
  custom:video-decoder-webm-vp8: 9c59270c3fd7afecdb556c50c9e8de78 -> 
  custom:audio-decoder-ogg-vorbis: bf7c407c2cedff20999df2af8eb42d56 -> 
  custom:audio-encoder-webm-vorbis: bf7c407c2cedff20999df2af8eb42d56 -> 
========================================================================
Received Import Request.
  Time since last request: 552.909347 seconds.
  path: Assets/ARLocation/Scripts/Components/PlaceAlongPath.cs
  artifactKey: Guid(dd6193dcda4e44c3c8fa9940057a5cd7) Importer(815301076,1909f56bfc062723c751e8b465ee728b)
Start importing Assets/ARLocation/Scripts/Components/PlaceAlongPath.cs using Guid(dd6193dcda4e44c3c8fa9940057a5cd7) Importer(815301076,1909f56bfc062723c751e8b465ee728b)  -> (artifact id: '3d98e60d29d8e4d0ef10978dc6464479') in 0.007058 seconds 
  Import took 0.013615 seconds .

========================================================================
Received Import Request.
  Time since last request: 0.001409 seconds.
  path: Assets/ARLocation/Scripts/Components/PlaceAlongPath.cs
  artifactKey: Guid(dd6193dcda4e44c3c8fa9940057a5cd7) Importer(815301076,1909f56bfc062723c751e8b465ee728b)
Start importing Assets/ARLocation/Scripts/Components/PlaceAlongPath.cs using Guid(dd6193dcda4e44c3c8fa9940057a5cd7) Importer(815301076,1909f56bfc062723c751e8b465ee728b)  -> (artifact id: '3d98e60d29d8e4d0ef10978dc6464479') in 0.002550 seconds 
  Import took 0.006013 seconds .

========================================================================
Received Import Request.
  Time since last request: 159.094746 seconds.
  path: Assets/ARLocation/Materials
  artifactKey: Guid(ed1f0da1c22674469ac317a23d624a20) Importer(815301076,1909f56bfc062723c751e8b465ee728b)
Start importing Assets/ARLocation/Materials using Guid(ed1f0da1c22674469ac317a23d624a20) Importer(815301076,1909f56bfc062723c751e8b465ee728b)  -> (artifact id: '2029188c11fd92f67f684af92fc04675') in 0.006497 seconds 
  Import took 0.009071 seconds .

========================================================================
Received Import Request.
  Time since last request: 9.557223 seconds.
  path: Assets/ARLocation/Materials/Yellow.mat
  artifactKey: Guid(a06323198ee360c4cafff87aa9c6091b) Importer(815301076,1909f56bfc062723c751e8b465ee728b)
Start importing Assets/ARLocation/Materials/Yellow.mat using Guid(a06323198ee360c4cafff87aa9c6091b) Importer(815301076,1909f56bfc062723c751e8b465ee728b)  -> (artifact id: '6deb5814d0f713d07aa693f3be70b91f') in 0.016194 seconds 
  Import took 0.019123 seconds .

========================================================================
Received Import Request.
  Time since last request: 52.434269 seconds.
  path: Assets/ARLocation/Materials/New Material.mat
  artifactKey: Guid(845fb8149e592ab43ad0f9b7265746a3) Importer(815301076,1909f56bfc062723c751e8b465ee728b)
Start importing Assets/ARLocation/Materials/New Material.mat using Guid(845fb8149e592ab43ad0f9b7265746a3) Importer(815301076,1909f56bfc062723c751e8b465ee728b)  -> (artifact id: '616b8bd712733cf31f2ebe3d53d13e9d') in 0.011383 seconds 
  Import took 0.014661 seconds .

========================================================================
Received Import Request.
  Time since last request: 29.533777 seconds.
  path: Assets/ARLocation/Materials/Orange.mat
  artifactKey: Guid(845fb8149e592ab43ad0f9b7265746a3) Importer(815301076,1909f56bfc062723c751e8b465ee728b)
Start importing Assets/ARLocation/Materials/Orange.mat using Guid(845fb8149e592ab43ad0f9b7265746a3) Importer(815301076,1909f56bfc062723c751e8b465ee728b)  -> (artifact id: '77111f2589f22a3a2aa6e83a0de898fd') in 0.012417 seconds 
  Import took 0.015626 seconds .

========================================================================
Received Import Request.
  Time since last request: 38.424693 seconds.
  path: Assets/ARLocation/Materials/New Material.mat
  artifactKey: Guid(45b64cd3614100c45b3e9c6a038f6c76) Importer(815301076,1909f56bfc062723c751e8b465ee728b)
Start importing Assets/ARLocation/Materials/New Material.mat using Guid(45b64cd3614100c45b3e9c6a038f6c76) Importer(815301076,1909f56bfc062723c751e8b465ee728b)  -> (artifact id: 'b585d10802e403393df0a31c867b3a8a') in 0.006796 seconds 
  Import took 0.010174 seconds .

========================================================================
Received Import Request.
  Time since last request: 21.027024 seconds.
  path: Assets/ARLocation/Materials/purple.mat
  artifactKey: Guid(45b64cd3614100c45b3e9c6a038f6c76) Importer(815301076,1909f56bfc062723c751e8b465ee728b)
Start importing Assets/ARLocation/Materials/purple.mat using Guid(45b64cd3614100c45b3e9c6a038f6c76) Importer(815301076,1909f56bfc062723c751e8b465ee728b)  -> (artifact id: '1dc665556495c6e8d3f5703d1ac7f328') in 0.011445 seconds 
  Import took 0.014316 seconds .

========================================================================
Received Import Request.
  Time since last request: 20.807123 seconds.
  path: Assets/ARLocation/Materials/Yellow.mat
  artifactKey: Guid(a06323198ee360c4cafff87aa9c6091b) Importer(815301076,1909f56bfc062723c751e8b465ee728b)
Start importing Assets/ARLocation/Materials/Yellow.mat using Guid(a06323198ee360c4cafff87aa9c6091b) Importer(815301076,1909f56bfc062723c751e8b465ee728b)  -> (artifact id: '8ecd0025e381bf7f9c1dadedcfe97f56') in 0.009810 seconds 
  Import took 0.012793 seconds .

========================================================================
Received Prepare
Refreshing native plugins compatible for Editor in 2.69 ms, found 2 plugins.
Preloading 0 native plugins for Editor in 0.00 ms.
Unloading 13 Unused Serialized files (Serialized files now loaded: 0)
System memory in use before: 46.8 MB.
System memory in use after: 46.9 MB.

Unloading 13 unused Assets to reduce memory usage. Loaded Objects now: 2291.
Total: 2.265900 ms (FindLiveObjects: 0.190800 ms CreateObjectMapping: 0.042200 ms MarkObjects: 1.989600 ms  DeleteObjects: 0.042300 ms)

AssetImportParameters requested are different than current active one (requested -> active):
  custom:framework-win-MediaFoundation: 216162199b28c13a410421893ffa2e32 -> 
  custom:video-decoder-ogg-theora: a1e56fd34408186e4bbccfd4996cb3dc -> 
  custom:container-muxer-webm: aa71ff27fc2769a1b78a27578f13a17b -> 
  custom:container-demuxer-webm: 4f35f7cbe854078d1ac9338744f61a02 -> 
  custom:container-demuxer-ogg: 62fdf1f143b41e24485cea50d1cbac27 -> 
  custom:video-encoder-webm-vp8: eb34c28f22e8b96e1ab97ce403110664 -> 
  custom:video-decoder-webm-vp8: 9c59270c3fd7afecdb556c50c9e8de78 -> 
  custom:audio-decoder-ogg-vorbis: bf7c407c2cedff20999df2af8eb42d56 -> 
  custom:audio-encoder-webm-vorbis: bf7c407c2cedff20999df2af8eb42d56 -> 
========================================================================
Received Import Request.
  Time since last request: 178.776965 seconds.
  path: Assets/ARLocation/Materials/New Material.mat
  artifactKey: Guid(07da31549dea7a04196f371f0ef20434) Importer(815301076,1909f56bfc062723c751e8b465ee728b)
Start importing Assets/ARLocation/Materials/New Material.mat using Guid(07da31549dea7a04196f371f0ef20434) Importer(815301076,1909f56bfc062723c751e8b465ee728b)  -> (artifact id: '665dd8f870a2d57b7cd74b0d5150918d') in 0.010296 seconds 
  Import took 0.013371 seconds .

========================================================================
Received Import Request.
  Time since last request: 15.195112 seconds.
  path: Assets/ARLocation/Materials/Pink.mat
  artifactKey: Guid(07da31549dea7a04196f371f0ef20434) Importer(815301076,1909f56bfc062723c751e8b465ee728b)
Start importing Assets/ARLocation/Materials/Pink.mat using Guid(07da31549dea7a04196f371f0ef20434) Importer(815301076,1909f56bfc062723c751e8b465ee728b)  -> (artifact id: '35bdb52383493cde01fcfa01e59374f4') in 0.011260 seconds 
  Import took 0.017737 seconds .

========================================================================
Received Import Request.
  Time since last request: 27.103374 seconds.
  path: Assets/ARLocation/Materials/New Material.mat
  artifactKey: Guid(9db15cc3cc7cc1849b9d774853fe8055) Importer(815301076,1909f56bfc062723c751e8b465ee728b)
Start importing Assets/ARLocation/Materials/New Material.mat using Guid(9db15cc3cc7cc1849b9d774853fe8055) Importer(815301076,1909f56bfc062723c751e8b465ee728b)  -> (artifact id: '3a8078724be8c2f91aabd6ff280e9848') in 0.009528 seconds 
  Import took 0.013128 seconds .

========================================================================
Received Import Request.
  Time since last request: 19.070810 seconds.
  path: Assets/ARLocation/Materials/Brown.mat
  artifactKey: Guid(9db15cc3cc7cc1849b9d774853fe8055) Importer(815301076,1909f56bfc062723c751e8b465ee728b)
Start importing Assets/ARLocation/Materials/Brown.mat using Guid(9db15cc3cc7cc1849b9d774853fe8055) Importer(815301076,1909f56bfc062723c751e8b465ee728b)  -> (artifact id: '4299719c8fb4b6f12b45f7bd8238a8a4') in 0.011659 seconds 
  Import took 0.014887 seconds .

========================================================================
Received Import Request.
  Time since last request: 30.409615 seconds.
  path: Assets/ARLocation/Materials/New Material.mat
  artifactKey: Guid(523859cceaf3e1b4c9f4e45dbf9577c5) Importer(815301076,1909f56bfc062723c751e8b465ee728b)
Start importing Assets/ARLocation/Materials/New Material.mat using Guid(523859cceaf3e1b4c9f4e45dbf9577c5) Importer(815301076,1909f56bfc062723c751e8b465ee728b)  -> (artifact id: '785d361d0b38589809f47b64f8c4575d') in 0.010282 seconds 
  Import took 0.013109 seconds .

========================================================================
Received Import Request.
  Time since last request: 12.359039 seconds.
  path: Assets/ARLocation/Materials/Turqueoise.mat
  artifactKey: Guid(523859cceaf3e1b4c9f4e45dbf9577c5) Importer(815301076,1909f56bfc062723c751e8b465ee728b)
Start importing Assets/ARLocation/Materials/Turqueoise.mat using Guid(523859cceaf3e1b4c9f4e45dbf9577c5) Importer(815301076,1909f56bfc062723c751e8b465ee728b)  -> (artifact id: '8593ba244d558261159a5cfec85f516b') in 0.014035 seconds 
  Import took 0.016909 seconds .

========================================================================
Received Import Request.
  Time since last request: 19.907526 seconds.
  path: Assets/ARLocation/Materials/Turquoise.mat
  artifactKey: Guid(523859cceaf3e1b4c9f4e45dbf9577c5) Importer(815301076,1909f56bfc062723c751e8b465ee728b)
Start importing Assets/ARLocation/Materials/Turquoise.mat using Guid(523859cceaf3e1b4c9f4e45dbf9577c5) Importer(815301076,1909f56bfc062723c751e8b465ee728b)  -> (artifact id: 'adb3fd554e0a41697dc80355b79e7371') in 0.015629 seconds 
  Import took 0.024228 seconds .

========================================================================
Received Import Request.
  Time since last request: 30.935222 seconds.
  path: Assets/ARLocation/Materials/New Material.mat
  artifactKey: Guid(633fbcd9e7f36464eb11bf675c73cddb) Importer(815301076,1909f56bfc062723c751e8b465ee728b)
Start importing Assets/ARLocation/Materials/New Material.mat using Guid(633fbcd9e7f36464eb11bf675c73cddb) Importer(815301076,1909f56bfc062723c751e8b465ee728b)  -> (artifact id: 'ccb92eeb11128fe43a3f44e3c981a43c') in 0.010345 seconds 
  Import took 0.018415 seconds .

========================================================================
Received Import Request.
  Time since last request: 19.391827 seconds.
  path: Assets/ARLocation/Materials/Dark red.mat
  artifactKey: Guid(633fbcd9e7f36464eb11bf675c73cddb) Importer(815301076,1909f56bfc062723c751e8b465ee728b)
Start importing Assets/ARLocation/Materials/Dark red.mat using Guid(633fbcd9e7f36464eb11bf675c73cddb) Importer(815301076,1909f56bfc062723c751e8b465ee728b)  -> (artifact id: 'afb9a80c57764f4cad80037b9fe92c6d') in 0.011607 seconds 
  Import took 0.014474 seconds .

========================================================================
Received Import Request.
  Time since last request: 84.542662 seconds.
  path: Assets/ARLocation/Materials/purple.mat
  artifactKey: Guid(45b64cd3614100c45b3e9c6a038f6c76) Importer(815301076,1909f56bfc062723c751e8b465ee728b)
Start importing Assets/ARLocation/Materials/purple.mat using Guid(45b64cd3614100c45b3e9c6a038f6c76) Importer(815301076,1909f56bfc062723c751e8b465ee728b)  -> (artifact id: '50dcfaa6d809ac7048556cfe090b4896') in 0.010243 seconds 
  Import took 0.013081 seconds .

========================================================================
Received Prepare
Refreshing native plugins compatible for Editor in 3.14 ms, found 2 plugins.
Preloading 0 native plugins for Editor in 0.00 ms.
Unloading 13 Unused Serialized files (Serialized files now loaded: 0)
System memory in use before: 46.8 MB.
System memory in use after: 46.9 MB.

Unloading 13 unused Assets to reduce memory usage. Loaded Objects now: 2291.
Total: 2.483500 ms (FindLiveObjects: 0.188300 ms CreateObjectMapping: 0.041700 ms MarkObjects: 2.198900 ms  DeleteObjects: 0.053600 ms)

AssetImportParameters requested are different than current active one (requested -> active):
  custom:framework-win-MediaFoundation: 216162199b28c13a410421893ffa2e32 -> 
  custom:video-decoder-ogg-theora: a1e56fd34408186e4bbccfd4996cb3dc -> 
  custom:container-muxer-webm: aa71ff27fc2769a1b78a27578f13a17b -> 
  custom:container-demuxer-webm: 4f35f7cbe854078d1ac9338744f61a02 -> 
  custom:container-demuxer-ogg: 62fdf1f143b41e24485cea50d1cbac27 -> 
  custom:video-encoder-webm-vp8: eb34c28f22e8b96e1ab97ce403110664 -> 
  custom:video-decoder-webm-vp8: 9c59270c3fd7afecdb556c50c9e8de78 -> 
  custom:audio-decoder-ogg-vorbis: bf7c407c2cedff20999df2af8eb42d56 -> 
  custom:audio-encoder-webm-vorbis: bf7c407c2cedff20999df2af8eb42d56 -> 
========================================================================
Received Import Request.
  Time since last request: 4243.954290 seconds.
  path: Assets/ARLocation/Materials/New Material.mat
  artifactKey: Guid(8e4ffeda41727a44d8db93872faddecc) Importer(815301076,1909f56bfc062723c751e8b465ee728b)
Start importing Assets/ARLocation/Materials/New Material.mat using Guid(8e4ffeda41727a44d8db93872faddecc) Importer(815301076,1909f56bfc062723c751e8b465ee728b)  -> (artifact id: '1b3ff5d0f6d48df585c63e13919fb4ea') in 0.014744 seconds 
  Import took 0.017775 seconds .

========================================================================
Received Import Request.
  Time since last request: 41.402783 seconds.
  path: Assets/ARLocation/Materials/Metallic.mat
  artifactKey: Guid(8e4ffeda41727a44d8db93872faddecc) Importer(815301076,1909f56bfc062723c751e8b465ee728b)
Start importing Assets/ARLocation/Materials/Metallic.mat using Guid(8e4ffeda41727a44d8db93872faddecc) Importer(815301076,1909f56bfc062723c751e8b465ee728b)  -> (artifact id: '11f71308eeecbb8161bac2c50e955e17') in 0.010826 seconds 
  Import took 0.013922 seconds .

========================================================================
Received Prepare
Refreshing native plugins compatible for Editor in 3.10 ms, found 2 plugins.
Preloading 0 native plugins for Editor in 0.00 ms.
Unloading 13 Unused Serialized files (Serialized files now loaded: 0)
System memory in use before: 46.8 MB.
System memory in use after: 46.9 MB.

Unloading 13 unused Assets to reduce memory usage. Loaded Objects now: 2291.
Total: 2.337000 ms (FindLiveObjects: 0.176200 ms CreateObjectMapping: 0.039800 ms MarkObjects: 2.082900 ms  DeleteObjects: 0.037200 ms)

AssetImportParameters requested are different than current active one (requested -> active):
  custom:framework-win-MediaFoundation: 216162199b28c13a410421893ffa2e32 -> 
  custom:video-decoder-ogg-theora: a1e56fd34408186e4bbccfd4996cb3dc -> 
  custom:container-muxer-webm: aa71ff27fc2769a1b78a27578f13a17b -> 
  custom:container-demuxer-webm: 4f35f7cbe854078d1ac9338744f61a02 -> 
  custom:container-demuxer-ogg: 62fdf1f143b41e24485cea50d1cbac27 -> 
  custom:video-encoder-webm-vp8: eb34c28f22e8b96e1ab97ce403110664 -> 
  custom:video-decoder-webm-vp8: 9c59270c3fd7afecdb556c50c9e8de78 -> 
  custom:audio-decoder-ogg-vorbis: bf7c407c2cedff20999df2af8eb42d56 -> 
  custom:audio-encoder-webm-vorbis: bf7c407c2cedff20999df2af8eb42d56 -> 
========================================================================
Received Prepare
Refreshing native plugins compatible for Editor in 2.69 ms, found 2 plugins.
Preloading 0 native plugins for Editor in 0.00 ms.
Unloading 13 Unused Serialized files (Serialized files now loaded: 0)
System memory in use before: 46.8 MB.
System memory in use after: 46.9 MB.

Unloading 13 unused Assets to reduce memory usage. Loaded Objects now: 2291.
Total: 2.302300 ms (FindLiveObjects: 0.174400 ms CreateObjectMapping: 0.041400 ms MarkObjects: 2.043300 ms  DeleteObjects: 0.042500 ms)

AssetImportParameters requested are different than current active one (requested -> active):
  custom:framework-win-MediaFoundation: 216162199b28c13a410421893ffa2e32 -> 
  custom:video-decoder-ogg-theora: a1e56fd34408186e4bbccfd4996cb3dc -> 
  custom:container-muxer-webm: aa71ff27fc2769a1b78a27578f13a17b -> 
  custom:container-demuxer-webm: 4f35f7cbe854078d1ac9338744f61a02 -> 
  custom:container-demuxer-ogg: 62fdf1f143b41e24485cea50d1cbac27 -> 
  custom:video-encoder-webm-vp8: eb34c28f22e8b96e1ab97ce403110664 -> 
  custom:video-decoder-webm-vp8: 9c59270c3fd7afecdb556c50c9e8de78 -> 
  custom:audio-decoder-ogg-vorbis: bf7c407c2cedff20999df2af8eb42d56 -> 
  custom:audio-encoder-webm-vorbis: bf7c407c2cedff20999df2af8eb42d56 -> 
========================================================================
Received Prepare
Refreshing native plugins compatible for Editor in 2.59 ms, found 2 plugins.
Preloading 0 native plugins for Editor in 0.00 ms.
Unloading 13 Unused Serialized files (Serialized files now loaded: 0)
System memory in use before: 46.8 MB.
System memory in use after: 46.9 MB.

Unloading 13 unused Assets to reduce memory usage. Loaded Objects now: 2291.
Total: 2.397000 ms (FindLiveObjects: 0.193000 ms CreateObjectMapping: 0.042300 ms MarkObjects: 2.124000 ms  DeleteObjects: 0.036600 ms)

AssetImportParameters requested are different than current active one (requested -> active):
  custom:framework-win-MediaFoundation: 216162199b28c13a410421893ffa2e32 -> 
  custom:video-decoder-ogg-theora: a1e56fd34408186e4bbccfd4996cb3dc -> 
  custom:container-muxer-webm: aa71ff27fc2769a1b78a27578f13a17b -> 
  custom:container-demuxer-webm: 4f35f7cbe854078d1ac9338744f61a02 -> 
  custom:container-demuxer-ogg: 62fdf1f143b41e24485cea50d1cbac27 -> 
  custom:video-encoder-webm-vp8: eb34c28f22e8b96e1ab97ce403110664 -> 
  custom:video-decoder-webm-vp8: 9c59270c3fd7afecdb556c50c9e8de78 -> 
  custom:audio-decoder-ogg-vorbis: bf7c407c2cedff20999df2af8eb42d56 -> 
  custom:audio-encoder-webm-vorbis: bf7c407c2cedff20999df2af8eb42d56 -> 
========================================================================
Received Prepare
Refreshing native plugins compatible for Editor in 2.71 ms, found 2 plugins.
Preloading 0 native plugins for Editor in 0.00 ms.
Unloading 13 Unused Serialized files (Serialized files now loaded: 0)
System memory in use before: 46.8 MB.
System memory in use after: 46.9 MB.

Unloading 13 unused Assets to reduce memory usage. Loaded Objects now: 2291.
Total: 2.057000 ms (FindLiveObjects: 0.173100 ms CreateObjectMapping: 0.039500 ms MarkObjects: 1.803100 ms  DeleteObjects: 0.040800 ms)

AssetImportParameters requested are different than current active one (requested -> active):
  custom:framework-win-MediaFoundation: 216162199b28c13a410421893ffa2e32 -> 
  custom:video-decoder-ogg-theora: a1e56fd34408186e4bbccfd4996cb3dc -> 
  custom:container-muxer-webm: aa71ff27fc2769a1b78a27578f13a17b -> 
  custom:container-demuxer-webm: 4f35f7cbe854078d1ac9338744f61a02 -> 
  custom:container-demuxer-ogg: 62fdf1f143b41e24485cea50d1cbac27 -> 
  custom:video-encoder-webm-vp8: eb34c28f22e8b96e1ab97ce403110664 -> 
  custom:video-decoder-webm-vp8: 9c59270c3fd7afecdb556c50c9e8de78 -> 
  custom:audio-decoder-ogg-vorbis: bf7c407c2cedff20999df2af8eb42d56 -> 
  custom:audio-encoder-webm-vorbis: bf7c407c2cedff20999df2af8eb42d56 -> 
========================================================================
Received Prepare
Refreshing native plugins compatible for Editor in 2.66 ms, found 2 plugins.
Preloading 0 native plugins for Editor in 0.00 ms.
Unloading 13 Unused Serialized files (Serialized files now loaded: 0)
System memory in use before: 46.8 MB.
System memory in use after: 46.9 MB.

Unloading 13 unused Assets to reduce memory usage. Loaded Objects now: 2291.
Total: 2.295000 ms (FindLiveObjects: 0.169400 ms CreateObjectMapping: 0.041700 ms MarkObjects: 2.043400 ms  DeleteObjects: 0.039800 ms)

AssetImportParameters requested are different than current active one (requested -> active):
  custom:framework-win-MediaFoundation: 216162199b28c13a410421893ffa2e32 -> 
  custom:video-decoder-ogg-theora: a1e56fd34408186e4bbccfd4996cb3dc -> 
  custom:container-muxer-webm: aa71ff27fc2769a1b78a27578f13a17b -> 
  custom:container-demuxer-webm: 4f35f7cbe854078d1ac9338744f61a02 -> 
  custom:container-demuxer-ogg: 62fdf1f143b41e24485cea50d1cbac27 -> 
  custom:video-encoder-webm-vp8: eb34c28f22e8b96e1ab97ce403110664 -> 
  custom:video-decoder-webm-vp8: 9c59270c3fd7afecdb556c50c9e8de78 -> 
  custom:audio-decoder-ogg-vorbis: bf7c407c2cedff20999df2af8eb42d56 -> 
  custom:audio-encoder-webm-vorbis: bf7c407c2cedff20999df2af8eb42d56 -> 
========================================================================
Received Import Request.
  Time since last request: 1209.700608 seconds.
  path: Assets/ARLocation/Scripts/Components
  artifactKey: Guid(a320725b06a89384f81a73b717ae8a1c) Importer(815301076,1909f56bfc062723c751e8b465ee728b)
Start importing Assets/ARLocation/Scripts/Components using Guid(a320725b06a89384f81a73b717ae8a1c) Importer(815301076,1909f56bfc062723c751e8b465ee728b)  -> (artifact id: '9d4dc676011923c6950b92e0ecfadb81') in 0.006217 seconds 
  Import took 0.009225 seconds .

========================================================================
Received Import Request.
  Time since last request: 76.636012 seconds.
  path: Assets/ARLocation/Prefabs/Cylinder.prefab
  artifactKey: Guid(09529ba7a5bc23c45a2e20fd5608a95f) Importer(815301076,1909f56bfc062723c751e8b465ee728b)
Start importing Assets/ARLocation/Prefabs/Cylinder.prefab using Guid(09529ba7a5bc23c45a2e20fd5608a95f) Importer(815301076,1909f56bfc062723c751e8b465ee728b)  -> (artifact id: '273c13aac94dc8aad474f06a11df1937') in 0.044722 seconds 
  Import took 0.047673 seconds .

========================================================================
Received Import Request.
  Time since last request: 0.000986 seconds.
  path: Assets/ARLocation/Prefabs/Cylinder.prefab
  artifactKey: Guid(09529ba7a5bc23c45a2e20fd5608a95f) Importer(815301076,1909f56bfc062723c751e8b465ee728b)
Start importing Assets/ARLocation/Prefabs/Cylinder.prefab using Guid(09529ba7a5bc23c45a2e20fd5608a95f) Importer(815301076,1909f56bfc062723c751e8b465ee728b)  -> (artifact id: '273c13aac94dc8aad474f06a11df1937') in 0.008163 seconds 
  Import took 0.010867 seconds .

========================================================================
Received Prepare
Refreshing native plugins compatible for Editor in 3.02 ms, found 2 plugins.
Preloading 0 native plugins for Editor in 0.00 ms.
Unloading 13 Unused Serialized files (Serialized files now loaded: 0)
System memory in use before: 47.0 MB.
System memory in use after: 47.1 MB.

Unloading 13 unused Assets to reduce memory usage. Loaded Objects now: 2293.
Total: 2.481300 ms (FindLiveObjects: 0.187300 ms CreateObjectMapping: 0.041200 ms MarkObjects: 2.207500 ms  DeleteObjects: 0.044000 ms)

AssetImportParameters requested are different than current active one (requested -> active):
  custom:framework-win-MediaFoundation: 216162199b28c13a410421893ffa2e32 -> 
  custom:video-decoder-ogg-theora: a1e56fd34408186e4bbccfd4996cb3dc -> 
  custom:container-muxer-webm: aa71ff27fc2769a1b78a27578f13a17b -> 
  custom:container-demuxer-webm: 4f35f7cbe854078d1ac9338744f61a02 -> 
  custom:container-demuxer-ogg: 62fdf1f143b41e24485cea50d1cbac27 -> 
  custom:video-encoder-webm-vp8: eb34c28f22e8b96e1ab97ce403110664 -> 
  custom:video-decoder-webm-vp8: 9c59270c3fd7afecdb556c50c9e8de78 -> 
  custom:audio-decoder-ogg-vorbis: bf7c407c2cedff20999df2af8eb42d56 -> 
  custom:audio-encoder-webm-vorbis: bf7c407c2cedff20999df2af8eb42d56 -> 
========================================================================
Received Prepare
Refreshing native plugins compatible for Editor in 2.78 ms, found 2 plugins.
Preloading 0 native plugins for Editor in 0.00 ms.
Unloading 13 Unused Serialized files (Serialized files now loaded: 0)
System memory in use before: 47.0 MB.
System memory in use after: 47.1 MB.

Unloading 13 unused Assets to reduce memory usage. Loaded Objects now: 2293.
Total: 2.041800 ms (FindLiveObjects: 0.195200 ms CreateObjectMapping: 0.041500 ms MarkObjects: 1.766800 ms  DeleteObjects: 0.037700 ms)

AssetImportParameters requested are different than current active one (requested -> active):
  custom:framework-win-MediaFoundation: 216162199b28c13a410421893ffa2e32 -> 
  custom:video-decoder-ogg-theora: a1e56fd34408186e4bbccfd4996cb3dc -> 
  custom:container-muxer-webm: aa71ff27fc2769a1b78a27578f13a17b -> 
  custom:container-demuxer-webm: 4f35f7cbe854078d1ac9338744f61a02 -> 
  custom:container-demuxer-ogg: 62fdf1f143b41e24485cea50d1cbac27 -> 
  custom:video-encoder-webm-vp8: eb34c28f22e8b96e1ab97ce403110664 -> 
  custom:video-decoder-webm-vp8: 9c59270c3fd7afecdb556c50c9e8de78 -> 
  custom:audio-decoder-ogg-vorbis: bf7c407c2cedff20999df2af8eb42d56 -> 
  custom:audio-encoder-webm-vorbis: bf7c407c2cedff20999df2af8eb42d56 -> 
========================================================================
Received Prepare
Refreshing native plugins compatible for Editor in 2.64 ms, found 2 plugins.
Preloading 0 native plugins for Editor in 0.00 ms.
Unloading 13 Unused Serialized files (Serialized files now loaded: 0)
System memory in use before: 47.0 MB.
System memory in use after: 47.1 MB.

Unloading 13 unused Assets to reduce memory usage. Loaded Objects now: 2293.
Total: 2.450900 ms (FindLiveObjects: 0.202500 ms CreateObjectMapping: 0.047800 ms MarkObjects: 2.162600 ms  DeleteObjects: 0.037100 ms)

AssetImportParameters requested are different than current active one (requested -> active):
  custom:framework-win-MediaFoundation: 216162199b28c13a410421893ffa2e32 -> 
  custom:video-decoder-ogg-theora: a1e56fd34408186e4bbccfd4996cb3dc -> 
  custom:container-muxer-webm: aa71ff27fc2769a1b78a27578f13a17b -> 
  custom:container-demuxer-webm: 4f35f7cbe854078d1ac9338744f61a02 -> 
  custom:container-demuxer-ogg: 62fdf1f143b41e24485cea50d1cbac27 -> 
  custom:video-encoder-webm-vp8: eb34c28f22e8b96e1ab97ce403110664 -> 
  custom:video-decoder-webm-vp8: 9c59270c3fd7afecdb556c50c9e8de78 -> 
  custom:audio-decoder-ogg-vorbis: bf7c407c2cedff20999df2af8eb42d56 -> 
  custom:audio-encoder-webm-vorbis: bf7c407c2cedff20999df2af8eb42d56 -> 
========================================================================
Received Prepare
Refreshing native plugins compatible for Editor in 3.30 ms, found 2 plugins.
Preloading 0 native plugins for Editor in 0.00 ms.
Unloading 13 Unused Serialized files (Serialized files now loaded: 0)
System memory in use before: 47.0 MB.
System memory in use after: 47.1 MB.

Unloading 13 unused Assets to reduce memory usage. Loaded Objects now: 2293.
Total: 2.376700 ms (FindLiveObjects: 0.198400 ms CreateObjectMapping: 0.042500 ms MarkObjects: 2.095000 ms  DeleteObjects: 0.040200 ms)

AssetImportParameters requested are different than current active one (requested -> active):
  custom:framework-win-MediaFoundation: 216162199b28c13a410421893ffa2e32 -> 
  custom:video-decoder-ogg-theora: a1e56fd34408186e4bbccfd4996cb3dc -> 
  custom:container-muxer-webm: aa71ff27fc2769a1b78a27578f13a17b -> 
  custom:container-demuxer-webm: 4f35f7cbe854078d1ac9338744f61a02 -> 
  custom:container-demuxer-ogg: 62fdf1f143b41e24485cea50d1cbac27 -> 
  custom:video-encoder-webm-vp8: eb34c28f22e8b96e1ab97ce403110664 -> 
  custom:video-decoder-webm-vp8: 9c59270c3fd7afecdb556c50c9e8de78 -> 
  custom:audio-decoder-ogg-vorbis: bf7c407c2cedff20999df2af8eb42d56 -> 
  custom:audio-encoder-webm-vorbis: bf7c407c2cedff20999df2af8eb42d56 -> 
========================================================================
Received Import Request.
  Time since last request: 942.611269 seconds.
  path: Assets/ARLocation/Samples/TestSceneObjects.unity
  artifactKey: Guid(6ec8d6605e0bc634bbff90d901b822d6) Importer(815301076,1909f56bfc062723c751e8b465ee728b)
Start importing Assets/ARLocation/Samples/TestSceneObjects.unity using Guid(6ec8d6605e0bc634bbff90d901b822d6) Importer(815301076,1909f56bfc062723c751e8b465ee728b)  -> (artifact id: '4bde841077bc44dc1f8a766c0111e67b') in 0.009314 seconds 
  Import took 0.014631 seconds .

========================================================================
Received Import Request.
  Time since last request: 157.222594 seconds.
  path: Assets/ARLocation/Prefabs/Sample Assets
  artifactKey: Guid(2ec7f7d1315f348db87d1858262035da) Importer(815301076,1909f56bfc062723c751e8b465ee728b)
Start importing Assets/ARLocation/Prefabs/Sample Assets using Guid(2ec7f7d1315f348db87d1858262035da) Importer(815301076,1909f56bfc062723c751e8b465ee728b)  -> (artifact id: '4baffa671ea8ad1def6828da96c10b22') in 0.006785 seconds 
  Import took 0.009846 seconds .

========================================================================
Received Import Request.
  Time since last request: 30.200955 seconds.
  path: Assets/ARLocation/Scripts/Components/UI
  artifactKey: Guid(2984f2eafd4277948938bd1e31112282) Importer(815301076,1909f56bfc062723c751e8b465ee728b)
Start importing Assets/ARLocation/Scripts/Components/UI using Guid(2984f2eafd4277948938bd1e31112282) Importer(815301076,1909f56bfc062723c751e8b465ee728b)  -> (artifact id: '3d0eb4f37bcd5219e8e3c86962f8955d') in 0.007144 seconds 
  Import took 0.013224 seconds .

========================================================================
Received Prepare
Refreshing native plugins compatible for Editor in 2.61 ms, found 2 plugins.
Preloading 0 native plugins for Editor in 0.00 ms.
Unloading 13 Unused Serialized files (Serialized files now loaded: 0)
System memory in use before: 47.0 MB.
System memory in use after: 47.0 MB.

Unloading 13 unused Assets to reduce memory usage. Loaded Objects now: 2293.
Total: 2.318500 ms (FindLiveObjects: 0.186200 ms CreateObjectMapping: 0.041200 ms MarkObjects: 2.052400 ms  DeleteObjects: 0.038100 ms)

AssetImportParameters requested are different than current active one (requested -> active):
  custom:framework-win-MediaFoundation: 216162199b28c13a410421893ffa2e32 -> 
  custom:video-decoder-ogg-theora: a1e56fd34408186e4bbccfd4996cb3dc -> 
  custom:container-muxer-webm: aa71ff27fc2769a1b78a27578f13a17b -> 
  custom:container-demuxer-webm: 4f35f7cbe854078d1ac9338744f61a02 -> 
  custom:container-demuxer-ogg: 62fdf1f143b41e24485cea50d1cbac27 -> 
  custom:video-encoder-webm-vp8: eb34c28f22e8b96e1ab97ce403110664 -> 
  custom:video-decoder-webm-vp8: 9c59270c3fd7afecdb556c50c9e8de78 -> 
  custom:audio-decoder-ogg-vorbis: bf7c407c2cedff20999df2af8eb42d56 -> 
  custom:audio-encoder-webm-vorbis: bf7c407c2cedff20999df2af8eb42d56 -> 
========================================================================
Received Prepare
Refreshing native plugins compatible for Editor in 2.69 ms, found 2 plugins.
Preloading 0 native plugins for Editor in 0.00 ms.
Unloading 13 Unused Serialized files (Serialized files now loaded: 0)
System memory in use before: 47.0 MB.
System memory in use after: 47.0 MB.

Unloading 13 unused Assets to reduce memory usage. Loaded Objects now: 2293.
Total: 2.191900 ms (FindLiveObjects: 0.189500 ms CreateObjectMapping: 0.042000 ms MarkObjects: 1.924500 ms  DeleteObjects: 0.035300 ms)

AssetImportParameters requested are different than current active one (requested -> active):
  custom:framework-win-MediaFoundation: 216162199b28c13a410421893ffa2e32 -> 
  custom:video-decoder-ogg-theora: a1e56fd34408186e4bbccfd4996cb3dc -> 
  custom:container-muxer-webm: aa71ff27fc2769a1b78a27578f13a17b -> 
  custom:container-demuxer-webm: 4f35f7cbe854078d1ac9338744f61a02 -> 
  custom:container-demuxer-ogg: 62fdf1f143b41e24485cea50d1cbac27 -> 
  custom:video-encoder-webm-vp8: eb34c28f22e8b96e1ab97ce403110664 -> 
  custom:video-decoder-webm-vp8: 9c59270c3fd7afecdb556c50c9e8de78 -> 
  custom:audio-decoder-ogg-vorbis: bf7c407c2cedff20999df2af8eb42d56 -> 
  custom:audio-encoder-webm-vorbis: bf7c407c2cedff20999df2af8eb42d56 -> 
========================================================================
Received Import Request.
  Time since last request: 561.339655 seconds.
  path: Assets/Tree.prefab
  artifactKey: Guid(5db04e6d6cecdb94894f755e3295427d) Importer(815301076,1909f56bfc062723c751e8b465ee728b)
Start importing Assets/Tree.prefab using Guid(5db04e6d6cecdb94894f755e3295427d) Importer(815301076,1909f56bfc062723c751e8b465ee728b)  -> (artifact id: '4aec3c808be0da8fcda806b6adacc181') in 0.161128 seconds 
  Import took 0.164936 seconds .

========================================================================
Received Import Request.
  Time since last request: 0.002229 seconds.
  path: Assets/Tree.prefab
  artifactKey: Guid(5db04e6d6cecdb94894f755e3295427d) Importer(815301076,1909f56bfc062723c751e8b465ee728b)
Start importing Assets/Tree.prefab using Guid(5db04e6d6cecdb94894f755e3295427d) Importer(815301076,1909f56bfc062723c751e8b465ee728b)  -> (artifact id: '4aec3c808be0da8fcda806b6adacc181') in 0.022597 seconds 
  Import took 0.025406 seconds .

========================================================================
Received Import Request.
  Time since last request: 4.700354 seconds.
  path: Assets/ARLocation/Experimental/World Voxel Craft/Indicator.mat
  artifactKey: Guid(972d65b3365e8da45aa7abe44e2847b5) Importer(815301076,1909f56bfc062723c751e8b465ee728b)
Start importing Assets/ARLocation/Experimental/World Voxel Craft/Indicator.mat using Guid(972d65b3365e8da45aa7abe44e2847b5) Importer(815301076,1909f56bfc062723c751e8b465ee728b)  -> (artifact id: 'eafaa1cfd3a6d3ee40360e4762cce9d0') in 0.144318 seconds 
  Import took 0.147280 seconds .

========================================================================
Received Import Request.
  Time since last request: 1.022807 seconds.
  path: Assets/ARLocation/Prefabs/Cylinder.prefab
  artifactKey: Guid(09529ba7a5bc23c45a2e20fd5608a95f) Importer(815301076,1909f56bfc062723c751e8b465ee728b)
Start importing Assets/ARLocation/Prefabs/Cylinder.prefab using Guid(09529ba7a5bc23c45a2e20fd5608a95f) Importer(815301076,1909f56bfc062723c751e8b465ee728b)  -> (artifact id: 'b5bbd823d981d8438b661f8d586be70a') in 0.009691 seconds 
  Import took 0.012884 seconds .

========================================================================
Received Prepare
Refreshing native plugins compatible for Editor in 2.79 ms, found 2 plugins.
Preloading 0 native plugins for Editor in 0.00 ms.
Unloading 13 Unused Serialized files (Serialized files now loaded: 0)
System memory in use before: 48.1 MB.
System memory in use after: 48.2 MB.

Unloading 13 unused Assets to reduce memory usage. Loaded Objects now: 2300.
Total: 2.349700 ms (FindLiveObjects: 0.203100 ms CreateObjectMapping: 0.041700 ms MarkObjects: 2.064800 ms  DeleteObjects: 0.039000 ms)

AssetImportParameters requested are different than current active one (requested -> active):
  custom:framework-win-MediaFoundation: 216162199b28c13a410421893ffa2e32 -> 
  custom:video-decoder-ogg-theora: a1e56fd34408186e4bbccfd4996cb3dc -> 
  custom:container-muxer-webm: aa71ff27fc2769a1b78a27578f13a17b -> 
  custom:container-demuxer-webm: 4f35f7cbe854078d1ac9338744f61a02 -> 
  custom:container-demuxer-ogg: 62fdf1f143b41e24485cea50d1cbac27 -> 
  custom:video-encoder-webm-vp8: eb34c28f22e8b96e1ab97ce403110664 -> 
  custom:video-decoder-webm-vp8: 9c59270c3fd7afecdb556c50c9e8de78 -> 
  custom:audio-decoder-ogg-vorbis: bf7c407c2cedff20999df2af8eb42d56 -> 
  custom:audio-encoder-webm-vorbis: bf7c407c2cedff20999df2af8eb42d56 -> 
========================================================================
Received Prepare
Registering precompiled user dll's ...
Registered in 0.003126 seconds.
Begin MonoManager ReloadAssembly
Native extension for WindowsStandalone target not found
Refreshing native plugins compatible for Editor in 0.42 ms, found 2 plugins.
Preloading 0 native plugins for Editor in 0.00 ms.
[ARLocation]: Starting up!
UnityEngine.StackTraceUtility:ExtractStackTrace ()
UnityEngine.DebugLogHandler:LogFormat (UnityEngine.LogType,UnityEngine.Object,string,object[])
UnityEngine.Logger:Log (UnityEngine.LogType,object)
UnityEngine.Debug:Log (object)
ARLocationEditorConfigManager:.cctor () (at C:/eclipse/trabajos/Unity/ArGps/Assets/ARLocation/Editor/ARLocationEditorConfigManager.cs:13)
System.Runtime.CompilerServices.RuntimeHelpers:RunClassConstructor (System.RuntimeTypeHandle)
UnityEditor.EditorAssemblies:ProcessInitializeOnLoadAttributes (System.Type[])

(Filename: C:/eclipse/trabajos/Unity/ArGps/Assets/ARLocation/Editor/ARLocationEditorConfigManager.cs Line: 13)

[ARLocation]: Resource folder already exists!
UnityEngine.StackTraceUtility:ExtractStackTrace ()
UnityEngine.DebugLogHandler:LogFormat (UnityEngine.LogType,UnityEngine.Object,string,object[])
UnityEngine.Logger:Log (UnityEngine.LogType,object)
UnityEngine.Debug:Log (object)
ARLocationEditorConfigManager:.cctor () (at C:/eclipse/trabajos/Unity/ArGps/Assets/ARLocation/Editor/ARLocationEditorConfigManager.cs:17)
System.Runtime.CompilerServices.RuntimeHelpers:RunClassConstructor (System.RuntimeTypeHandle)
UnityEditor.EditorAssemblies:ProcessInitializeOnLoadAttributes (System.Type[])

(Filename: C:/eclipse/trabajos/Unity/ArGps/Assets/ARLocation/Editor/ARLocationEditorConfigManager.cs Line: 17)

[ARLocation]: Config already exists!
UnityEngine.StackTraceUtility:ExtractStackTrace ()
UnityEngine.DebugLogHandler:LogFormat (UnityEngine.LogType,UnityEngine.Object,string,object[])
UnityEngine.Logger:Log (UnityEngine.LogType,object)
UnityEngine.Debug:Log (object)
ARLocationEditorConfigManager:.cctor () (at C:/eclipse/trabajos/Unity/ArGps/Assets/ARLocation/Editor/ARLocationEditorConfigManager.cs:29)
System.Runtime.CompilerServices.RuntimeHelpers:RunClassConstructor (System.RuntimeTypeHandle)
UnityEditor.EditorAssemblies:ProcessInitializeOnLoadAttributes (System.Type[])

(Filename: C:/eclipse/trabajos/Unity/ArGps/Assets/ARLocation/Editor/ARLocationEditorConfigManager.cs Line: 29)

Mono: successfully reloaded assembly
- Completed reload, in  0.910 seconds
Platform modules already initialized, skipping
Switching build target platform(19) subTarget(0) extendedPlatform(0) -> platform(13) subTarget(524288) extendedPlatform(0)
Refreshing native plugins compatible for Editor in 0.42 ms, found 2 plugins.
Preloading 0 native plugins for Editor in 0.00 ms.
Unloading 1801 Unused Serialized files (Serialized files now loaded: 0)
System memory in use before: 82.6 MB.
System memory in use after: 82.7 MB.

Unloading 16 unused Assets to reduce memory usage. Loaded Objects now: 2304.
Total: 1.818100 ms (FindLiveObjects: 0.153500 ms CreateObjectMapping: 0.040100 ms MarkObjects: 1.490000 ms  DeleteObjects: 0.133800 ms)

AssetImportParameters requested are different than current active one (requested -> active):
  custom:framework-win-MediaFoundation: 216162199b28c13a410421893ffa2e32 -> 
  custom:video-decoder-ogg-theora: a1e56fd34408186e4bbccfd4996cb3dc -> 
  custom:container-muxer-webm: aa71ff27fc2769a1b78a27578f13a17b -> 
  custom:container-demuxer-webm: 4f35f7cbe854078d1ac9338744f61a02 -> 
  custom:container-demuxer-ogg: 62fdf1f143b41e24485cea50d1cbac27 -> 
  custom:video-encoder-webm-vp8: eb34c28f22e8b96e1ab97ce403110664 -> 
  custom:video-decoder-webm-vp8: 9c59270c3fd7afecdb556c50c9e8de78 -> 
  custom:graphics/normal-map-encoding: 01000000000000000000000000000000 -> 02000000000000000000000000000000
  custom:audio-decoder-ogg-vorbis: bf7c407c2cedff20999df2af8eb42d56 -> 
  custom:audio-encoder-webm-vorbis: bf7c407c2cedff20999df2af8eb42d56 -> 
========================================================================
Received Prepare
Refreshing native plugins compatible for Editor in 2.71 ms, found 2 plugins.
Preloading 0 native plugins for Editor in 0.00 ms.
Unloading 13 Unused Serialized files (Serialized files now loaded: 0)
System memory in use before: 47.2 MB.
System memory in use after: 47.3 MB.

Unloading 13 unused Assets to reduce memory usage. Loaded Objects now: 2304.
Total: 1.717400 ms (FindLiveObjects: 0.168300 ms CreateObjectMapping: 0.040100 ms MarkObjects: 1.472600 ms  DeleteObjects: 0.035900 ms)

AssetImportParameters requested are different than current active one (requested -> active):
  custom:framework-win-MediaFoundation: 216162199b28c13a410421893ffa2e32 -> 
  custom:video-decoder-ogg-theora: a1e56fd34408186e4bbccfd4996cb3dc -> 
  custom:container-muxer-webm: aa71ff27fc2769a1b78a27578f13a17b -> 
  custom:container-demuxer-webm: 4f35f7cbe854078d1ac9338744f61a02 -> 
  custom:container-demuxer-ogg: 62fdf1f143b41e24485cea50d1cbac27 -> 
  custom:video-encoder-webm-vp8: eb34c28f22e8b96e1ab97ce403110664 -> 
  custom:video-decoder-webm-vp8: 9c59270c3fd7afecdb556c50c9e8de78 -> 
  custom:audio-decoder-ogg-vorbis: bf7c407c2cedff20999df2af8eb42d56 -> 
  custom:audio-encoder-webm-vorbis: bf7c407c2cedff20999df2af8eb42d56 -> 
========================================================================
Received Prepare
Refreshing native plugins compatible for Editor in 2.81 ms, found 2 plugins.
Preloading 0 native plugins for Editor in 0.00 ms.
Unloading 13 Unused Serialized files (Serialized files now loaded: 0)
System memory in use before: 47.2 MB.
System memory in use after: 47.3 MB.

Unloading 13 unused Assets to reduce memory usage. Loaded Objects now: 2304.
Total: 1.890200 ms (FindLiveObjects: 0.168300 ms CreateObjectMapping: 0.039500 ms MarkObjects: 1.640100 ms  DeleteObjects: 0.041500 ms)

AssetImportParameters requested are different than current active one (requested -> active):
  custom:framework-win-MediaFoundation: 216162199b28c13a410421893ffa2e32 -> 
  custom:video-decoder-ogg-theora: a1e56fd34408186e4bbccfd4996cb3dc -> 
  custom:container-muxer-webm: aa71ff27fc2769a1b78a27578f13a17b -> 
  custom:container-demuxer-webm: 4f35f7cbe854078d1ac9338744f61a02 -> 
  custom:container-demuxer-ogg: 62fdf1f143b41e24485cea50d1cbac27 -> 
  custom:video-encoder-webm-vp8: eb34c28f22e8b96e1ab97ce403110664 -> 
  custom:video-decoder-webm-vp8: 9c59270c3fd7afecdb556c50c9e8de78 -> 
  custom:audio-decoder-ogg-vorbis: bf7c407c2cedff20999df2af8eb42d56 -> 
  custom:audio-encoder-webm-vorbis: bf7c407c2cedff20999df2af8eb42d56 -> 
========================================================================
Received Prepare
Refreshing native plugins compatible for Editor in 2.86 ms, found 2 plugins.
Preloading 0 native plugins for Editor in 0.00 ms.
Unloading 13 Unused Serialized files (Serialized files now loaded: 0)
System memory in use before: 47.2 MB.
System memory in use after: 47.3 MB.

Unloading 13 unused Assets to reduce memory usage. Loaded Objects now: 2304.
Total: 1.730500 ms (FindLiveObjects: 0.175600 ms CreateObjectMapping: 0.040700 ms MarkObjects: 1.477000 ms  DeleteObjects: 0.036500 ms)

AssetImportParameters requested are different than current active one (requested -> active):
  custom:framework-win-MediaFoundation: 216162199b28c13a410421893ffa2e32 -> 
  custom:video-decoder-ogg-theora: a1e56fd34408186e4bbccfd4996cb3dc -> 
  custom:container-muxer-webm: aa71ff27fc2769a1b78a27578f13a17b -> 
  custom:container-demuxer-webm: 4f35f7cbe854078d1ac9338744f61a02 -> 
  custom:container-demuxer-ogg: 62fdf1f143b41e24485cea50d1cbac27 -> 
  custom:video-encoder-webm-vp8: eb34c28f22e8b96e1ab97ce403110664 -> 
  custom:video-decoder-webm-vp8: 9c59270c3fd7afecdb556c50c9e8de78 -> 
  custom:audio-decoder-ogg-vorbis: bf7c407c2cedff20999df2af8eb42d56 -> 
  custom:audio-encoder-webm-vorbis: bf7c407c2cedff20999df2af8eb42d56 -> 
========================================================================
Received Prepare
Refreshing native plugins compatible for Editor in 2.70 ms, found 2 plugins.
Preloading 0 native plugins for Editor in 0.00 ms.
Unloading 13 Unused Serialized files (Serialized files now loaded: 0)
System memory in use before: 47.2 MB.
System memory in use after: 47.3 MB.

Unloading 13 unused Assets to reduce memory usage. Loaded Objects now: 2304.
Total: 1.742800 ms (FindLiveObjects: 0.164800 ms CreateObjectMapping: 0.039600 ms MarkObjects: 1.501200 ms  DeleteObjects: 0.036400 ms)

AssetImportParameters requested are different than current active one (requested -> active):
  custom:framework-win-MediaFoundation: 216162199b28c13a410421893ffa2e32 -> 
  custom:video-decoder-ogg-theora: a1e56fd34408186e4bbccfd4996cb3dc -> 
  custom:container-muxer-webm: aa71ff27fc2769a1b78a27578f13a17b -> 
  custom:container-demuxer-webm: 4f35f7cbe854078d1ac9338744f61a02 -> 
  custom:container-demuxer-ogg: 62fdf1f143b41e24485cea50d1cbac27 -> 
  custom:video-encoder-webm-vp8: eb34c28f22e8b96e1ab97ce403110664 -> 
  custom:video-decoder-webm-vp8: 9c59270c3fd7afecdb556c50c9e8de78 -> 
  custom:audio-decoder-ogg-vorbis: bf7c407c2cedff20999df2af8eb42d56 -> 
  custom:audio-encoder-webm-vorbis: bf7c407c2cedff20999df2af8eb42d56 -> 
========================================================================
Received Prepare
Refreshing native plugins compatible for Editor in 2.92 ms, found 2 plugins.
Preloading 0 native plugins for Editor in 0.00 ms.
Unloading 13 Unused Serialized files (Serialized files now loaded: 0)
System memory in use before: 47.2 MB.
System memory in use after: 47.3 MB.

Unloading 13 unused Assets to reduce memory usage. Loaded Objects now: 2304.
Total: 1.929400 ms (FindLiveObjects: 0.180000 ms CreateObjectMapping: 0.041700 ms MarkObjects: 1.654900 ms  DeleteObjects: 0.052000 ms)

AssetImportParameters requested are different than current active one (requested -> active):
  custom:framework-win-MediaFoundation: 216162199b28c13a410421893ffa2e32 -> 
  custom:video-decoder-ogg-theora: a1e56fd34408186e4bbccfd4996cb3dc -> 
  custom:container-muxer-webm: aa71ff27fc2769a1b78a27578f13a17b -> 
  custom:container-demuxer-webm: 4f35f7cbe854078d1ac9338744f61a02 -> 
  custom:container-demuxer-ogg: 62fdf1f143b41e24485cea50d1cbac27 -> 
  custom:video-encoder-webm-vp8: eb34c28f22e8b96e1ab97ce403110664 -> 
  custom:video-decoder-webm-vp8: 9c59270c3fd7afecdb556c50c9e8de78 -> 
  custom:audio-decoder-ogg-vorbis: bf7c407c2cedff20999df2af8eb42d56 -> 
  custom:audio-encoder-webm-vorbis: bf7c407c2cedff20999df2af8eb42d56 -> 
========================================================================
Received Prepare
Refreshing native plugins compatible for Editor in 2.89 ms, found 2 plugins.
Preloading 0 native plugins for Editor in 0.00 ms.
Unloading 13 Unused Serialized files (Serialized files now loaded: 0)
System memory in use before: 47.2 MB.
System memory in use after: 47.3 MB.

Unloading 13 unused Assets to reduce memory usage. Loaded Objects now: 2304.
Total: 1.770300 ms (FindLiveObjects: 0.188400 ms CreateObjectMapping: 0.041600 ms MarkObjects: 1.501000 ms  DeleteObjects: 0.038600 ms)

AssetImportParameters requested are different than current active one (requested -> active):
  custom:framework-win-MediaFoundation: 216162199b28c13a410421893ffa2e32 -> 
  custom:video-decoder-ogg-theora: a1e56fd34408186e4bbccfd4996cb3dc -> 
  custom:container-muxer-webm: aa71ff27fc2769a1b78a27578f13a17b -> 
  custom:container-demuxer-webm: 4f35f7cbe854078d1ac9338744f61a02 -> 
  custom:container-demuxer-ogg: 62fdf1f143b41e24485cea50d1cbac27 -> 
  custom:video-encoder-webm-vp8: eb34c28f22e8b96e1ab97ce403110664 -> 
  custom:video-decoder-webm-vp8: 9c59270c3fd7afecdb556c50c9e8de78 -> 
  custom:audio-decoder-ogg-vorbis: bf7c407c2cedff20999df2af8eb42d56 -> 
  custom:audio-encoder-webm-vorbis: bf7c407c2cedff20999df2af8eb42d56 -> 
========================================================================
Received Prepare
Refreshing native plugins compatible for Editor in 2.63 ms, found 2 plugins.
Preloading 0 native plugins for Editor in 0.00 ms.
Unloading 13 Unused Serialized files (Serialized files now loaded: 0)
System memory in use before: 47.2 MB.
System memory in use after: 47.3 MB.

Unloading 13 unused Assets to reduce memory usage. Loaded Objects now: 2304.
Total: 2.422300 ms (FindLiveObjects: 0.169600 ms CreateObjectMapping: 0.039300 ms MarkObjects: 2.155000 ms  DeleteObjects: 0.057400 ms)

AssetImportParameters requested are different than current active one (requested -> active):
  custom:framework-win-MediaFoundation: 216162199b28c13a410421893ffa2e32 -> 
  custom:video-decoder-ogg-theora: a1e56fd34408186e4bbccfd4996cb3dc -> 
  custom:container-muxer-webm: aa71ff27fc2769a1b78a27578f13a17b -> 
  custom:container-demuxer-webm: 4f35f7cbe854078d1ac9338744f61a02 -> 
  custom:container-demuxer-ogg: 62fdf1f143b41e24485cea50d1cbac27 -> 
  custom:video-encoder-webm-vp8: eb34c28f22e8b96e1ab97ce403110664 -> 
  custom:video-decoder-webm-vp8: 9c59270c3fd7afecdb556c50c9e8de78 -> 
  custom:audio-decoder-ogg-vorbis: bf7c407c2cedff20999df2af8eb42d56 -> 
  custom:audio-encoder-webm-vorbis: bf7c407c2cedff20999df2af8eb42d56 -> 
========================================================================
Received Prepare
Refreshing native plugins compatible for Editor in 2.68 ms, found 2 plugins.
Preloading 0 native plugins for Editor in 0.00 ms.
Unloading 13 Unused Serialized files (Serialized files now loaded: 0)
System memory in use before: 47.2 MB.
System memory in use after: 47.3 MB.

Unloading 13 unused Assets to reduce memory usage. Loaded Objects now: 2304.
Total: 1.793500 ms (FindLiveObjects: 0.168600 ms CreateObjectMapping: 0.040100 ms MarkObjects: 1.549200 ms  DeleteObjects: 0.035000 ms)

AssetImportParameters requested are different than current active one (requested -> active):
  custom:framework-win-MediaFoundation: 216162199b28c13a410421893ffa2e32 -> 
  custom:video-decoder-ogg-theora: a1e56fd34408186e4bbccfd4996cb3dc -> 
  custom:container-muxer-webm: aa71ff27fc2769a1b78a27578f13a17b -> 
  custom:container-demuxer-webm: 4f35f7cbe854078d1ac9338744f61a02 -> 
  custom:container-demuxer-ogg: 62fdf1f143b41e24485cea50d1cbac27 -> 
  custom:video-encoder-webm-vp8: eb34c28f22e8b96e1ab97ce403110664 -> 
  custom:video-decoder-webm-vp8: 9c59270c3fd7afecdb556c50c9e8de78 -> 
  custom:audio-decoder-ogg-vorbis: bf7c407c2cedff20999df2af8eb42d56 -> 
  custom:audio-encoder-webm-vorbis: bf7c407c2cedff20999df2af8eb42d56 -> 
========================================================================
Received Prepare
Refreshing native plugins compatible for Editor in 2.80 ms, found 2 plugins.
Preloading 0 native plugins for Editor in 0.00 ms.
Unloading 13 Unused Serialized files (Serialized files now loaded: 0)
System memory in use before: 47.2 MB.
System memory in use after: 47.3 MB.

Unloading 13 unused Assets to reduce memory usage. Loaded Objects now: 2304.
Total: 2.541900 ms (FindLiveObjects: 0.207800 ms CreateObjectMapping: 0.041400 ms MarkObjects: 2.240200 ms  DeleteObjects: 0.051600 ms)

AssetImportParameters requested are different than current active one (requested -> active):
  custom:framework-win-MediaFoundation: 216162199b28c13a410421893ffa2e32 -> 
  custom:video-decoder-ogg-theora: a1e56fd34408186e4bbccfd4996cb3dc -> 
  custom:container-muxer-webm: aa71ff27fc2769a1b78a27578f13a17b -> 
  custom:container-demuxer-webm: 4f35f7cbe854078d1ac9338744f61a02 -> 
  custom:container-demuxer-ogg: 62fdf1f143b41e24485cea50d1cbac27 -> 
  custom:video-encoder-webm-vp8: eb34c28f22e8b96e1ab97ce403110664 -> 
  custom:video-decoder-webm-vp8: 9c59270c3fd7afecdb556c50c9e8de78 -> 
  custom:audio-decoder-ogg-vorbis: bf7c407c2cedff20999df2af8eb42d56 -> 
  custom:audio-encoder-webm-vorbis: bf7c407c2cedff20999df2af8eb42d56 -> 
========================================================================
Received Prepare
Refreshing native plugins compatible for Editor in 2.77 ms, found 2 plugins.
Preloading 0 native plugins for Editor in 0.00 ms.
Unloading 13 Unused Serialized files (Serialized files now loaded: 0)
System memory in use before: 47.2 MB.
System memory in use after: 47.3 MB.

Unloading 13 unused Assets to reduce memory usage. Loaded Objects now: 2304.
Total: 2.020700 ms (FindLiveObjects: 0.173000 ms CreateObjectMapping: 0.040300 ms MarkObjects: 1.767600 ms  DeleteObjects: 0.039000 ms)

AssetImportParameters requested are different than current active one (requested -> active):
  custom:framework-win-MediaFoundation: 216162199b28c13a410421893ffa2e32 -> 
  custom:video-decoder-ogg-theora: a1e56fd34408186e4bbccfd4996cb3dc -> 
  custom:container-muxer-webm: aa71ff27fc2769a1b78a27578f13a17b -> 
  custom:container-demuxer-webm: 4f35f7cbe854078d1ac9338744f61a02 -> 
  custom:container-demuxer-ogg: 62fdf1f143b41e24485cea50d1cbac27 -> 
  custom:video-encoder-webm-vp8: eb34c28f22e8b96e1ab97ce403110664 -> 
  custom:video-decoder-webm-vp8: 9c59270c3fd7afecdb556c50c9e8de78 -> 
  custom:audio-decoder-ogg-vorbis: bf7c407c2cedff20999df2af8eb42d56 -> 
  custom:audio-encoder-webm-vorbis: bf7c407c2cedff20999df2af8eb42d56 -> 
========================================================================
Received Prepare
Refreshing native plugins compatible for Editor in 2.71 ms, found 2 plugins.
Preloading 0 native plugins for Editor in 0.00 ms.
Unloading 13 Unused Serialized files (Serialized files now loaded: 0)
System memory in use before: 47.2 MB.
System memory in use after: 47.3 MB.

Unloading 13 unused Assets to reduce memory usage. Loaded Objects now: 2304.
Total: 1.993100 ms (FindLiveObjects: 0.174800 ms CreateObjectMapping: 0.040300 ms MarkObjects: 1.738300 ms  DeleteObjects: 0.038900 ms)

AssetImportParameters requested are different than current active one (requested -> active):
  custom:framework-win-MediaFoundation: 216162199b28c13a410421893ffa2e32 -> 
  custom:video-decoder-ogg-theora: a1e56fd34408186e4bbccfd4996cb3dc -> 
  custom:container-muxer-webm: aa71ff27fc2769a1b78a27578f13a17b -> 
  custom:container-demuxer-webm: 4f35f7cbe854078d1ac9338744f61a02 -> 
  custom:container-demuxer-ogg: 62fdf1f143b41e24485cea50d1cbac27 -> 
  custom:video-encoder-webm-vp8: eb34c28f22e8b96e1ab97ce403110664 -> 
  custom:video-decoder-webm-vp8: 9c59270c3fd7afecdb556c50c9e8de78 -> 
  custom:audio-decoder-ogg-vorbis: bf7c407c2cedff20999df2af8eb42d56 -> 
  custom:audio-encoder-webm-vorbis: bf7c407c2cedff20999df2af8eb42d56 -> 
========================================================================
Received Prepare
Refreshing native plugins compatible for Editor in 2.72 ms, found 2 plugins.
Preloading 0 native plugins for Editor in 0.00 ms.
Unloading 13 Unused Serialized files (Serialized files now loaded: 0)
System memory in use before: 47.2 MB.
System memory in use after: 47.3 MB.

Unloading 13 unused Assets to reduce memory usage. Loaded Objects now: 2304.
Total: 1.930400 ms (FindLiveObjects: 0.187500 ms CreateObjectMapping: 0.040200 ms MarkObjects: 1.661500 ms  DeleteObjects: 0.040500 ms)

AssetImportParameters requested are different than current active one (requested -> active):
  custom:framework-win-MediaFoundation: 216162199b28c13a410421893ffa2e32 -> 
  custom:video-decoder-ogg-theora: a1e56fd34408186e4bbccfd4996cb3dc -> 
  custom:container-muxer-webm: aa71ff27fc2769a1b78a27578f13a17b -> 
  custom:container-demuxer-webm: 4f35f7cbe854078d1ac9338744f61a02 -> 
  custom:container-demuxer-ogg: 62fdf1f143b41e24485cea50d1cbac27 -> 
  custom:video-encoder-webm-vp8: eb34c28f22e8b96e1ab97ce403110664 -> 
  custom:video-decoder-webm-vp8: 9c59270c3fd7afecdb556c50c9e8de78 -> 
  custom:audio-decoder-ogg-vorbis: bf7c407c2cedff20999df2af8eb42d56 -> 
  custom:audio-encoder-webm-vorbis: bf7c407c2cedff20999df2af8eb42d56 -> 
AssetImportWorkerClient::OnTransportError - code=2 error=End of file
